<?xml version="1.0" encoding="UTF-8"?>
<testng-results ignored="0" total="1" passed="1" failed="0" skipped="0">
  <reporter-output>
  </reporter-output>
  <suite started-at="2022-11-09T13:09:15 IST" name="Default suite" finished-at="2022-11-09T13:09:15 IST" duration-ms="96">
    <groups>
    </groups>
    <test started-at="2022-11-09T13:09:15 IST" name="Default test" finished-at="2022-11-09T13:09:15 IST" duration-ms="96">
      <class name="testNG.TestNGClass">
        <test-method is-config="true" signature="beforeClass()[pri:0, instance:testNG.TestNGClass@31c88ec8]" started-at="2022-11-09T13:09:15 IST" name="beforeClass" finished-at="2022-11-09T13:09:15 IST" duration-ms="22" status="PASS">
          <reporter-output>
          </reporter-output>
        </test-method> <!-- beforeClass -->
        <test-method is-config="true" signature="beforeMethod()[pri:0, instance:testNG.TestNGClass@31c88ec8]" started-at="2022-11-09T13:09:15 IST" name="beforeMethod" finished-at="2022-11-09T13:09:15 IST" duration-ms="1" status="PASS">
          <reporter-output>
          </reporter-output>
        </test-method> <!-- beforeMethod -->
        <test-method signature="test()[pri:0, instance:testNG.TestNGClass@31c88ec8]" started-at="2022-11-09T13:09:15 IST" name="test" finished-at="2022-11-09T13:09:15 IST" duration-ms="13" status="PASS">
          <reporter-output>
          </reporter-output>
        </test-method> <!-- test -->
      </class> <!-- testNG.TestNGClass -->
    </test> <!-- Default test -->
  </suite> <!-- Default suite -->
</testng-results>
